<?xml version="1.0" encoding="UTF-8"?>
<!-- Generated by org.testng.reporters.JUnitXMLReporter -->
<testsuite hostname="LAPTOP-NEBFM83G" ignored="0" name="Test4" tests="1" failures="1" timestamp="2020-05-25T22:48:13 NZST" time="0.677" errors="0">
  <testcase name="emptyemail" time="0.673" classname="com.techexpozed.testcases.Emptyemail">
    <failure type="java.lang.AssertionError" message="expected [https://techexpozed.co.nz/email/verify] but found [https://techexpozed.co.nz/login/signup/]">
      <![CDATA[java.lang.AssertionError: expected [https://techexpozed.co.nz/email/verify] but found [https://techexpozed.co.nz/login/signup/]
at com.techexpozed.testcases.Emptyemail.emptyemail(Emptyemail.java:54)
at java.util.ArrayList.forEach(ArrayList.java:1257)
... Removed 32 stack frames]]>
    </failure>
  </testcase> <!-- emptyemail -->
</testsuite> <!-- Test4 -->
