<?xml version="1.0" encoding="UTF-8"?>
<!-- Generated by org.testng.reporters.JUnitXMLReporter -->
<testsuite hostname="LAPTOP-NEBFM83G" ignored="0" name="Test5" tests="1" failures="1" timestamp="2020-05-25T22:48:14 NZST" time="0.825" errors="0">
  <testcase name="invalidmobile" time="0.819" classname="com.techexpozed.testcases.incorrectmobileno">
    <failure type="java.lang.AssertionError" message="expected [Please enter mobile number] but found [Invalid mobile number]">
      <![CDATA[java.lang.AssertionError: expected [Please enter mobile number] but found [Invalid mobile number]
at com.techexpozed.testcases.incorrectmobileno.invalidmobile(incorrectmobileno.java:54)
at java.util.ArrayList.forEach(ArrayList.java:1257)
... Removed 32 stack frames]]>
    </failure>
  </testcase> <!-- invalidmobile -->
</testsuite> <!-- Test5 -->
