<?xml version="1.0" encoding="UTF-8"?>
<!-- Generated by org.testng.reporters.JUnitXMLReporter -->
<testsuite hostname="LAPTOP-NEBFM83G" ignored="0" name="entering details Test" tests="3" failures="2" timestamp="2020-05-06T15:51:26 NZST" time="12.07" errors="0">
  <testcase name="enterdetail" time="10.725" classname="com.techexpozed.testcases.Enteringdetails"/>
  <testcase name="enterdetail" time="0.275" classname="com.techexpozed.testcases.Enteringdetails">
    <failure type="java.lang.AssertionError" message="Second soft assert failed did not expect to find [true] but found [false]">
      <![CDATA[java.lang.AssertionError: Second soft assert failed did not expect to find [true] but found [false]
at com.techexpozed.testcases.Enteringdetails.enterdetail(Enteringdetails.java:28)
at java.util.ArrayList.forEach(ArrayList.java:1257)
... Removed 30 stack frames]]>
    </failure>
  </testcase> <!-- enterdetail -->
  <testcase name="enterdetail" time="0.186" classname="com.techexpozed.testcases.Enteringdetails">
    <failure type="java.lang.AssertionError" message="Second soft assert failed did not expect to find [true] but found [false]">
      <![CDATA[java.lang.AssertionError: Second soft assert failed did not expect to find [true] but found [false]
at com.techexpozed.testcases.Enteringdetails.enterdetail(Enteringdetails.java:28)
at java.util.ArrayList.forEach(ArrayList.java:1257)
... Removed 30 stack frames]]>
    </failure>
  </testcase> <!-- enterdetail -->
</testsuite> <!-- entering details Test -->
