<?xml version="1.0" encoding="UTF-8"?>
<!-- Generated by org.testng.reporters.JUnitXMLReporter -->
<testsuite hostname="LAPTOP-NEBFM83G" ignored="0" name="Get started Test" tests="1" failures="1" timestamp="2020-05-07T16:11:26 NZST" time="1.29" errors="0">
  <testcase name="getstartedlogin" time="0.041" classname="com.techexpozed.testcases.getstarted">
    <failure type="java.lang.IllegalArgumentException" message="Cannot find elements when the selector is null">
      <![CDATA[java.lang.IllegalArgumentException: Cannot find elements when the selector is null
at org.openqa.selenium.By$ByCssSelector.<init>(By.java:422)
at org.openqa.selenium.By.cssSelector(By.java:116)
at com.w2a.base.baseclass.click(baseclass.java:118)
at com.techexpozed.testcases.getstarted.getstartedlogin(getstarted.java:22)
at java.util.ArrayList.forEach(ArrayList.java:1257)
... Removed 27 stack frames]]>
    </failure>
  </testcase> <!-- getstartedlogin -->
</testsuite> <!-- Get started Test -->
