<?xml version="1.0" encoding="UTF-8"?>
<!-- Generated by org.testng.reporters.JUnitXMLReporter -->
<testsuite hostname="LAPTOP-NEBFM83G" ignored="0" name="test Test" tests="1" failures="0" timestamp="2020-05-01T10:12:34 NZST" time="0.018" errors="0">
  <testcase name="@BeforeSuite setUp" time="4.034" classname="com.w2a.base.baseclass">
    <failure type="java.lang.NullPointerException">
      <![CDATA[java.lang.NullPointerException
at com.w2a.base.baseclass.setUp(baseclass.java:71)
... Removed 19 stack frames]]>
    </failure>
  </testcase> <!-- @BeforeSuite setUp -->
  <testcase name="getstartedlogin" time="0.001" classname="com.techexpozed.testcases.getstarted">
    <skipped/>
  </testcase> <!-- getstartedlogin -->
</testsuite> <!-- test Test -->
