<?xml version="1.0" encoding="UTF-8"?>
<testng-results skipped="0" failed="1" ignored="0" total="3" passed="2">
  <reporter-output>
  </reporter-output>
  <suite name="Suite" duration-ms="79226" started-at="2020-05-27T09:58:08Z" finished-at="2020-05-27T09:59:27Z">
    <groups>
    </groups>
    <test name="Test1" duration-ms="1385" started-at="2020-05-27T09:58:08Z" finished-at="2020-05-27T09:58:09Z">
      <class name="com.techexpozed.testcases.Registration">
        <test-method status="PASS" signature="registrationpage()[pri:0, instance:com.techexpozed.testcases.Registration@1e0b4072]" name="registrationpage" duration-ms="1372" started-at="2020-05-27T21:58:08Z" finished-at="2020-05-27T21:58:09Z">
          <reporter-output>
          </reporter-output>
        </test-method> <!-- registrationpage -->
      </class> <!-- com.techexpozed.testcases.Registration -->
    </test> <!-- Test1 -->
    <test name="Test2" duration-ms="75897" started-at="2020-05-27T09:58:09Z" finished-at="2020-05-27T09:59:25Z">
      <class name="com.techexpozed.testcases.Validcases">
        <test-method status="PASS" signature="validcases(java.lang.String, java.lang.String, java.lang.String, java.lang.String, java.lang.String, java.lang.String, java.lang.String, java.lang.String)[pri:0, instance:com.techexpozed.testcases.Validcases@2a265ea9]" name="validcases" duration-ms="75885" started-at="2020-05-27T21:58:09Z" data-provider="dp" finished-at="2020-05-27T21:59:25Z">
          <params>
            <param index="0">
              <value>
                <![CDATA[kotham12345@gmail.com]]>
              </value>
            </param>
            <param index="1">
              <value>
                <![CDATA[Resh123456]]>
              </value>
            </param>
            <param index="2">
              <value>
                <![CDATA[Resh123456]]>
              </value>
            </param>
            <param index="3">
              <value>
                <![CDATA[reshma]]>
              </value>
            </param>
            <param index="4">
              <value>
                <![CDATA[joseph]]>
              </value>
            </param>
            <param index="5">
              <value>
                <![CDATA[9895983479]]>
              </value>
            </param>
            <param index="6">
              <value>
                <![CDATA[India]]>
              </value>
            </param>
            <param index="7">
              <value>
                <![CDATA[successfully 
registered]]>
              </value>
            </param>
          </params>
          <reporter-output>
          </reporter-output>
        </test-method> <!-- validcases -->
      </class> <!-- com.techexpozed.testcases.Validcases -->
    </test> <!-- Test2 -->
    <test name="Test3" duration-ms="1932" started-at="2020-05-27T09:59:25Z" finished-at="2020-05-27T09:59:27Z">
      <class name="com.techexpozed.testcases.Passwordmismatch">
        <test-method status="PASS" signature="setUp()[pri:0, instance:com.techexpozed.testcases.Passwordmismatch@449a4f23]" name="setUp" is-config="true" duration-ms="6648" started-at="2020-05-27T21:58:01Z" finished-at="2020-05-27T21:58:08Z">
          <reporter-output>
          </reporter-output>
        </test-method> <!-- setUp -->
        <test-method status="FAIL" signature="passwordmismatch(java.lang.String, java.lang.String, java.lang.String, java.lang.String, java.lang.String, java.lang.String, java.lang.String)[pri:0, instance:com.techexpozed.testcases.Passwordmismatch@449a4f23]" name="passwordmismatch" duration-ms="1926" started-at="2020-05-27T21:59:25Z" data-provider="dp" finished-at="2020-05-27T21:59:27Z">
          <params>
            <param index="0">
              <value>
                <![CDATA[reshmajoseph713@gmail.com]]>
              </value>
            </param>
            <param index="1">
              <value>
                <![CDATA[Resh123@]]>
              </value>
            </param>
            <param index="2">
              <value>
                <![CDATA[Resh]]>
              </value>
            </param>
            <param index="3">
              <value>
                <![CDATA[reshma]]>
              </value>
            </param>
            <param index="4">
              <value>
                <![CDATA[joseph]]>
              </value>
            </param>
            <param index="5">
              <value>
                <![CDATA[9897983551]]>
              </value>
            </param>
            <param index="6">
              <value>
                <![CDATA[India]]>
              </value>
            </param>
          </params>
          <exception class="org.openqa.selenium.ElementClickInterceptedException">
            <message>
              <![CDATA[element click intercepted: Element <input type="button" class="btn btn-primary" id="register" value="Register Now"> is not clickable at point (647, 614). Other element would receive the click: <iframe title="recaptcha challenge" src="https://www.google.com/recaptcha/api2/bframe?hl=en&amp;v=BT5UwN2jyUJCo7TdbwTYi_58&amp;k=6Ld9gvUUAAAAANtX84tAmY-moPOBD5L3ara6Wna9&amp;cb=3xbpvks7pyct" name="c-xk1iw5dq3a7l" frameborder="0" scrolling="no" sandbox="allow-forms allow-popups allow-same-origin allow-scripts allow-top-navigation allow-modals allow-popups-to-escape-sandbox" style="width: 400px; height: 580px;"></iframe>
  (Session info: chrome=83.0.4103.61)
Build info: version: '3.141.59', revision: 'e82be7d358', time: '2018-11-14T08:17:03'
System info: host: 'LAPTOP-NEBFM83G', ip: '192.168.20.7', os.name: 'Windows 10', os.arch: 'amd64', os.version: '10.0', java.version: '1.8.0_221'
Driver info: org.openqa.selenium.chrome.ChromeDriver
Capabilities {acceptInsecureCerts: false, browserName: chrome, browserVersion: 83.0.4103.61, chrome: {chromedriverVersion: 83.0.4103.39 (ccbf011cb2d2b..., userDataDir: C:\Users\reshm\AppData\Loca...}, goog:chromeOptions: {debuggerAddress: localhost:50724}, javascriptEnabled: true, networkConnectionEnabled: false, pageLoadStrategy: normal, platform: WINDOWS, platformName: WINDOWS, proxy: Proxy(), setWindowRect: true, strictFileInteractability: false, timeouts: {implicit: 0, pageLoad: 300000, script: 30000}, unhandledPromptBehavior: dismiss and notify, webauthn:virtualAuthenticators: true}
Session ID: 7850801c53c922ad609d8d54bd492c21]]>
            </message>
            <full-stacktrace>
              <![CDATA[org.openqa.selenium.ElementClickInterceptedException: element click intercepted: Element <input type="button" class="btn btn-primary" id="register" value="Register Now"> is not clickable at point (647, 614). Other element would receive the click: <iframe title="recaptcha challenge" src="https://www.google.com/recaptcha/api2/bframe?hl=en&amp;v=BT5UwN2jyUJCo7TdbwTYi_58&amp;k=6Ld9gvUUAAAAANtX84tAmY-moPOBD5L3ara6Wna9&amp;cb=3xbpvks7pyct" name="c-xk1iw5dq3a7l" frameborder="0" scrolling="no" sandbox="allow-forms allow-popups allow-same-origin allow-scripts allow-top-navigation allow-modals allow-popups-to-escape-sandbox" style="width: 400px; height: 580px;"></iframe>
  (Session info: chrome=83.0.4103.61)
Build info: version: '3.141.59', revision: 'e82be7d358', time: '2018-11-14T08:17:03'
System info: host: 'LAPTOP-NEBFM83G', ip: '192.168.20.7', os.name: 'Windows 10', os.arch: 'amd64', os.version: '10.0', java.version: '1.8.0_221'
Driver info: org.openqa.selenium.chrome.ChromeDriver
Capabilities {acceptInsecureCerts: false, browserName: chrome, browserVersion: 83.0.4103.61, chrome: {chromedriverVersion: 83.0.4103.39 (ccbf011cb2d2b..., userDataDir: C:\Users\reshm\AppData\Loca...}, goog:chromeOptions: {debuggerAddress: localhost:50724}, javascriptEnabled: true, networkConnectionEnabled: false, pageLoadStrategy: normal, platform: WINDOWS, platformName: WINDOWS, proxy: Proxy(), setWindowRect: true, strictFileInteractability: false, timeouts: {implicit: 0, pageLoad: 300000, script: 30000}, unhandledPromptBehavior: dismiss and notify, webauthn:virtualAuthenticators: true}
Session ID: 7850801c53c922ad609d8d54bd492c21
	at sun.reflect.NativeConstructorAccessorImpl.newInstance0(Native Method)
	at sun.reflect.NativeConstructorAccessorImpl.newInstance(NativeConstructorAccessorImpl.java:62)
	at sun.reflect.DelegatingConstructorAccessorImpl.newInstance(DelegatingConstructorAccessorImpl.java:45)
	at java.lang.reflect.Constructor.newInstance(Constructor.java:423)
	at org.openqa.selenium.remote.http.W3CHttpResponseCodec.createException(W3CHttpResponseCodec.java:187)
	at org.openqa.selenium.remote.http.W3CHttpResponseCodec.decode(W3CHttpResponseCodec.java:122)
	at org.openqa.selenium.remote.http.W3CHttpResponseCodec.decode(W3CHttpResponseCodec.java:49)
	at org.openqa.selenium.remote.HttpCommandExecutor.execute(HttpCommandExecutor.java:158)
	at org.openqa.selenium.remote.service.DriverCommandExecutor.execute(DriverCommandExecutor.java:83)
	at org.openqa.selenium.remote.RemoteWebDriver.execute(RemoteWebDriver.java:552)
	at org.openqa.selenium.remote.RemoteWebElement.execute(RemoteWebElement.java:285)
	at org.openqa.selenium.remote.RemoteWebElement.click(RemoteWebElement.java:84)
	at com.techexpozed.testcases.Passwordmismatch.passwordmismatch(Passwordmismatch.java:52)
	at sun.reflect.NativeMethodAccessorImpl.invoke0(Native Method)
	at sun.reflect.NativeMethodAccessorImpl.invoke(NativeMethodAccessorImpl.java:62)
	at sun.reflect.DelegatingMethodAccessorImpl.invoke(DelegatingMethodAccessorImpl.java:43)
	at java.lang.reflect.Method.invoke(Method.java:498)
	at org.testng.internal.MethodInvocationHelper.invokeMethod(MethodInvocationHelper.java:108)
	at org.testng.internal.Invoker.invokeMethod(Invoker.java:661)
	at org.testng.internal.Invoker.invokeTestMethod(Invoker.java:869)
	at org.testng.internal.Invoker.invokeTestMethods(Invoker.java:1193)
	at org.testng.internal.TestMethodWorker.invokeTestMethods(TestMethodWorker.java:126)
	at org.testng.internal.TestMethodWorker.run(TestMethodWorker.java:109)
	at org.testng.TestRunner.privateRun(TestRunner.java:744)
	at org.testng.TestRunner.run(TestRunner.java:602)
	at org.testng.SuiteRunner.runTest(SuiteRunner.java:380)
	at org.testng.SuiteRunner.runSequentially(SuiteRunner.java:375)
	at org.testng.SuiteRunner.privateRun(SuiteRunner.java:340)
	at org.testng.SuiteRunner.run(SuiteRunner.java:289)
	at org.testng.SuiteRunnerWorker.runSuite(SuiteRunnerWorker.java:52)
	at org.testng.SuiteRunnerWorker.run(SuiteRunnerWorker.java:86)
	at org.testng.TestNG.runSuitesSequentially(TestNG.java:1301)
	at org.testng.TestNG.runSuitesLocally(TestNG.java:1226)
	at org.testng.TestNG.runSuites(TestNG.java:1144)
	at org.testng.TestNG.run(TestNG.java:1115)
	at org.apache.maven.surefire.testng.TestNGExecutor.run(TestNGExecutor.java:295)
	at org.apache.maven.surefire.testng.TestNGXmlTestSuite.execute(TestNGXmlTestSuite.java:84)
	at org.apache.maven.surefire.testng.TestNGProvider.invoke(TestNGProvider.java:90)
	at org.apache.maven.surefire.booter.ForkedBooter.invokeProviderInSameClassLoader(ForkedBooter.java:203)
	at org.apache.maven.surefire.booter.ForkedBooter.runSuitesInProcess(ForkedBooter.java:155)
	at org.apache.maven.surefire.booter.ForkedBooter.main(ForkedBooter.java:103)
]]>
            </full-stacktrace>
          </exception> <!-- org.openqa.selenium.ElementClickInterceptedException -->
          <reporter-output>
          </reporter-output>
        </test-method> <!-- passwordmismatch -->
        <test-method status="PASS" signature="tearDown()[pri:0, instance:com.techexpozed.testcases.Passwordmismatch@449a4f23]" name="tearDown" is-config="true" duration-ms="701" started-at="2020-05-27T21:59:27Z" finished-at="2020-05-27T21:59:28Z">
          <reporter-output>
          </reporter-output>
        </test-method> <!-- tearDown -->
      </class> <!-- com.techexpozed.testcases.Passwordmismatch -->
    </test> <!-- Test3 -->
  </suite> <!-- Suite -->
</testng-results>
