<?xml version="1.0" encoding="UTF-8"?>
<testsuite name="TestSuite" time="79.19" tests="3" errors="0" skipped="0" failures="1">
  <properties>
[...]
</properties>
  <testcase name="registrationpage" classname="com.techexpozed.testcases.Registration" time="1.373"/>
  <testcase name="validcases" classname="com.techexpozed.testcases.Validcases" time="75.885"/>
  <testcase name="passwordmismatch" classname="com.techexpozed.testcases.Passwordmismatch" time="1.932">
    <failure message="element click intercepted: Element &lt;input type=&quot;button&quot; class=&quot;btn btn-primary&quot; id=&quot;register&quot; value=&quot;Register Now&quot;&gt; is not clickable at point (647, 614). Other element would receive the click: &lt;iframe title=&quot;recaptcha challenge&quot; src=&quot;https://www.google.com/recaptcha/api2/bframe?hl=en&amp;amp;v=BT5UwN2jyUJCo7TdbwTYi_58&amp;amp;k=6Ld9gvUUAAAAANtX84tAmY-moPOBD5L3ara6Wna9&amp;amp;cb=3xbpvks7pyct&quot; name=&quot;c-xk1iw5dq3a7l&quot; frameborder=&quot;0&quot; scrolling=&quot;no&quot; sandbox=&quot;allow-forms allow-popups allow-same-origin allow-scripts allow-top-navigation allow-modals allow-popups-to-escape-sandbox&quot; style=&quot;width: 400px; height: 580px;&quot;&gt;&lt;/iframe&gt;&#10;  (Session info: chrome=83.0.4103.61)&#10;Build info: version: &apos;3.141.59&apos;, revision: &apos;e82be7d358&apos;, time: &apos;2018-11-14T08:17:03&apos;&#10;System info: host: &apos;LAPTOP-NEBFM83G&apos;, ip: &apos;192.168.20.7&apos;, os.name: &apos;Windows 10&apos;, os.arch: &apos;amd64&apos;, os.version: &apos;10.0&apos;, java.version: &apos;1.8.0_221&apos;&#10;Driver info: org.openqa.selenium.chrome.ChromeDriver&#10;Capabilities {acceptInsecureCerts: false, browserName: chrome, browserVersion: 83.0.4103.61, chrome: {chromedriverVersion: 83.0.4103.39 (ccbf011cb2d2b..., userDataDir: C:\Users\reshm\AppData\Loca...}, goog:chromeOptions: {debuggerAddress: localhost:50724}, javascriptEnabled: true, networkConnectionEnabled: false, pageLoadStrategy: normal, platform: WINDOWS, platformName: WINDOWS, proxy: Proxy(), setWindowRect: true, strictFileInteractability: false, timeouts: {implicit: 0, pageLoad: 300000, script: 30000}, unhandledPromptBehavior: dismiss and notify, webauthn:virtualAuthenticators: true}&#10;Session ID: 7850801c53c922ad609d8d54bd492c21" type="org.openqa.selenium.ElementClickInterceptedException"><![CDATA[org.openqa.selenium.ElementClickInterceptedException: element click intercepted: Element <input type="button" class="btn btn-primary" id="register" value="Register Now"> is not clickable at point (647, 614). Other element would receive the click: <iframe title="recaptcha challenge" src="https://www.google.com/recaptcha/api2/bframe?hl=en&amp;v=BT5UwN2jyUJCo7TdbwTYi_58&amp;k=6Ld9gvUUAAAAANtX84tAmY-moPOBD5L3ara6Wna9&amp;cb=3xbpvks7pyct" name="c-xk1iw5dq3a7l" frameborder="0" scrolling="no" sandbox="allow-forms allow-popups allow-same-origin allow-scripts allow-top-navigation allow-modals allow-popups-to-escape-sandbox" style="width: 400px; height: 580px;"></iframe>
  (Session info: chrome=83.0.4103.61)
Build info: version: '3.141.59', revision: 'e82be7d358', time: '2018-11-14T08:17:03'
System info: host: 'LAPTOP-NEBFM83G', ip: '192.168.20.7', os.name: 'Windows 10', os.arch: 'amd64', os.version: '10.0', java.version: '1.8.0_221'
Driver info: org.openqa.selenium.chrome.ChromeDriver
Capabilities {acceptInsecureCerts: false, browserName: chrome, browserVersion: 83.0.4103.61, chrome: {chromedriverVersion: 83.0.4103.39 (ccbf011cb2d2b..., userDataDir: C:\Users\reshm\AppData\Loca...}, goog:chromeOptions: {debuggerAddress: localhost:50724}, javascriptEnabled: true, networkConnectionEnabled: false, pageLoadStrategy: normal, platform: WINDOWS, platformName: WINDOWS, proxy: Proxy(), setWindowRect: true, strictFileInteractability: false, timeouts: {implicit: 0, pageLoad: 300000, script: 30000}, unhandledPromptBehavior: dismiss and notify, webauthn:virtualAuthenticators: true}
Session ID: 7850801c53c922ad609d8d54bd492c21
	at sun.reflect.NativeConstructorAccessorImpl.newInstance0(Native Method)
	at sun.reflect.NativeConstructorAccessorImpl.newInstance(NativeConstructorAccessorImpl.java:62)
	at sun.reflect.DelegatingConstructorAccessorImpl.newInstance(DelegatingConstructorAccessorImpl.java:45)
	at java.lang.reflect.Constructor.newInstance(Constructor.java:423)
	at org.openqa.selenium.remote.http.W3CHttpResponseCodec.createException(W3CHttpResponseCodec.java:187)
	at org.openqa.selenium.remote.http.W3CHttpResponseCodec.decode(W3CHttpResponseCodec.java:122)
	at org.openqa.selenium.remote.http.W3CHttpResponseCodec.decode(W3CHttpResponseCodec.java:49)
	at org.openqa.selenium.remote.HttpCommandExecutor.execute(HttpCommandExecutor.java:158)
	at org.openqa.selenium.remote.service.DriverCommandExecutor.execute(DriverCommandExecutor.java:83)
	at org.openqa.selenium.remote.RemoteWebDriver.execute(RemoteWebDriver.java:552)
	at org.openqa.selenium.remote.RemoteWebElement.execute(RemoteWebElement.java:285)
	at org.openqa.selenium.remote.RemoteWebElement.click(RemoteWebElement.java:84)
	at com.techexpozed.testcases.Passwordmismatch.passwordmismatch(Passwordmismatch.java:52)
]]></failure>
  </testcase>
</testsuite>