<?xml version="1.0" encoding="UTF-8"?>
<!-- Generated by org.testng.reporters.JUnitXMLReporter -->
<testsuite hostname="LAPTOP-NEBFM83G" ignored="0" name="getstarted" tests="1" failures="0" timestamp="2020-04-30T12:06:51 NZST" time="0.021" errors="0">
  <testcase name="@BeforeSuite setUp" time="0.008" classname="com.w2a.base.baseclass">
    <failure type="java.lang.NoClassDefFoundError" message="org/openqa/selenium/internal/Killable">
      <![CDATA[java.lang.NoClassDefFoundError: org/openqa/selenium/internal/Killable
at java.lang.ClassLoader.defineClass1(Native Method)
at java.lang.ClassLoader.defineClass(ClassLoader.java:763)
at java.security.SecureClassLoader.defineClass(SecureClassLoader.java:142)
at java.net.URLClassLoader.defineClass(URLClassLoader.java:468)
at java.net.URLClassLoader.access$100(URLClassLoader.java:74)
at java.net.URLClassLoader$1.run(URLClassLoader.java:369)
at java.net.URLClassLoader$1.run(URLClassLoader.java:363)
at java.security.AccessController.doPrivileged(Native Method)
at java.net.URLClassLoader.findClass(URLClassLoader.java:362)
at java.lang.ClassLoader.loadClass(ClassLoader.java:424)
at sun.misc.Launcher$AppClassLoader.loadClass(Launcher.java:349)
at java.lang.ClassLoader.loadClass(ClassLoader.java:357)
at com.w2a.base.baseclass.setUp(baseclass.java:95)
Caused by: java.lang.ClassNotFoundException: org.openqa.selenium.internal.Killable
at java.net.URLClassLoader.findClass(URLClassLoader.java:382)
at java.lang.ClassLoader.loadClass(ClassLoader.java:424)
at sun.misc.Launcher$AppClassLoader.loadClass(Launcher.java:349)
at java.lang.ClassLoader.loadClass(ClassLoader.java:357)
... 32 more
... Removed 19 stack frames]]>
    </failure>
  </testcase> <!-- @BeforeSuite setUp -->
  <testcase name="getstarted" time="0.0" classname="com.techexpozed.testcases.getstarted">
    <skipped/>
  </testcase> <!-- getstarted -->
</testsuite> <!-- getstarted -->
