<?xml version="1.0" encoding="UTF-8"?>
<testng-results skipped="0" failed="1" ignored="0" total="3" passed="2">
  <reporter-output>
  </reporter-output>
  <suite name="Suite" duration-ms="89277" started-at="2020-05-28T12:20:03 NZST" finished-at="2020-05-28T12:21:33 NZST">
    <groups>
    </groups>
    <test name="Test1" duration-ms="1338" started-at="2020-05-28T12:20:03 NZST" finished-at="2020-05-28T12:20:05 NZST">
      <class name="com.techexpozed.testcases.Registration">
        <test-method status="PASS" signature="registrationpage()[pri:0, instance:com.techexpozed.testcases.Registration@437da279]" name="registrationpage" duration-ms="1316" started-at="2020-05-28T12:20:03 NZST" finished-at="2020-05-28T12:20:05 NZST">
          <reporter-output>
          </reporter-output>
        </test-method> <!-- registrationpage -->
      </class> <!-- com.techexpozed.testcases.Registration -->
    </test> <!-- Test1 -->
    <test name="Test2" duration-ms="76438" started-at="2020-05-28T12:20:05 NZST" finished-at="2020-05-28T12:21:21 NZST">
      <class name="com.techexpozed.testcases.Validcases">
        <test-method status="PASS" signature="validcases(java.lang.String, java.lang.String, java.lang.String, java.lang.String, java.lang.String, java.lang.String, java.lang.String, java.lang.String)[pri:0, instance:com.techexpozed.testcases.Validcases@60bd273d]" name="validcases" duration-ms="76421" started-at="2020-05-28T12:20:05 NZST" data-provider="dp" finished-at="2020-05-28T12:21:21 NZST">
          <params>
            <param index="0">
              <value>
                <![CDATA[row 2 or column 0 does not exist  in xls]]>
              </value>
            </param>
            <param index="1">
              <value>
                <![CDATA[row 2 or column 1 does not exist  in xls]]>
              </value>
            </param>
            <param index="2">
              <value>
                <![CDATA[row 2 or column 2 does not exist  in xls]]>
              </value>
            </param>
            <param index="3">
              <value>
                <![CDATA[row 2 or column 3 does not exist  in xls]]>
              </value>
            </param>
            <param index="4">
              <value>
                <![CDATA[row 2 or column 4 does not exist  in xls]]>
              </value>
            </param>
            <param index="5">
              <value>
                <![CDATA[row 2 or column 5 does not exist  in xls]]>
              </value>
            </param>
            <param index="6">
              <value>
                <![CDATA[row 2 or column 6 does not exist  in xls]]>
              </value>
            </param>
            <param index="7">
              <value>
                <![CDATA[row 2 or column 7 does not exist  in xls]]>
              </value>
            </param>
          </params>
          <reporter-output>
          </reporter-output>
        </test-method> <!-- validcases -->
      </class> <!-- com.techexpozed.testcases.Validcases -->
    </test> <!-- Test2 -->
    <test name="Test3" duration-ms="11475" started-at="2020-05-28T12:21:21 NZST" finished-at="2020-05-28T12:21:33 NZST">
      <class name="com.techexpozed.testcases.Passwordmismatch">
        <test-method status="PASS" signature="setUp()[pri:0, instance:com.techexpozed.testcases.Passwordmismatch@4d5650ae]" name="setUp" is-config="true" duration-ms="7222" started-at="2020-05-28T12:19:56 NZST" finished-at="2020-05-28T12:20:03 NZST">
          <reporter-output>
          </reporter-output>
        </test-method> <!-- setUp -->
        <test-method status="FAIL" signature="passwordmismatch(java.lang.String, java.lang.String, java.lang.String, java.lang.String, java.lang.String, java.lang.String, java.lang.String)[pri:0, instance:com.techexpozed.testcases.Passwordmismatch@4d5650ae]" name="passwordmismatch" duration-ms="11466" started-at="2020-05-28T12:21:21 NZST" data-provider="dp" finished-at="2020-05-28T12:21:33 NZST">
          <params>
            <param index="0">
              <value>
                <![CDATA[row 2 or column 0 does not exist  in xls]]>
              </value>
            </param>
            <param index="1">
              <value>
                <![CDATA[row 2 or column 1 does not exist  in xls]]>
              </value>
            </param>
            <param index="2">
              <value>
                <![CDATA[row 2 or column 2 does not exist  in xls]]>
              </value>
            </param>
            <param index="3">
              <value>
                <![CDATA[row 2 or column 3 does not exist  in xls]]>
              </value>
            </param>
            <param index="4">
              <value>
                <![CDATA[row 2 or column 4 does not exist  in xls]]>
              </value>
            </param>
            <param index="5">
              <value>
                <![CDATA[row 2 or column 5 does not exist  in xls]]>
              </value>
            </param>
            <param index="6">
              <value>
                <![CDATA[row 2 or column 6 does not exist  in xls]]>
              </value>
            </param>
          </params>
          <exception class="org.openqa.selenium.NoSuchElementException">
            <message>
              <![CDATA[no such element: Unable to locate element: {"method":"css selector","selector":"#swal2-content"}
  (Session info: chrome=83.0.4103.61)
For documentation on this error, please visit: https://www.seleniumhq.org/exceptions/no_such_element.html
Build info: version: '3.141.59', revision: 'e82be7d358', time: '2018-11-14T08:17:03'
System info: host: 'LAPTOP-NEBFM83G', ip: '192.168.20.7', os.name: 'Windows 10', os.arch: 'amd64', os.version: '10.0', java.version: '1.8.0_221'
Driver info: org.openqa.selenium.chrome.ChromeDriver
Capabilities {acceptInsecureCerts: false, browserName: chrome, browserVersion: 83.0.4103.61, chrome: {chromedriverVersion: 83.0.4103.39 (ccbf011cb2d2b..., userDataDir: C:\Users\reshm\AppData\Loca...}, goog:chromeOptions: {debuggerAddress: localhost:62558}, javascriptEnabled: true, networkConnectionEnabled: false, pageLoadStrategy: normal, platform: WINDOWS, platformName: WINDOWS, proxy: Proxy(), setWindowRect: true, strictFileInteractability: false, timeouts: {implicit: 0, pageLoad: 300000, script: 30000}, unhandledPromptBehavior: dismiss and notify, webauthn:virtualAuthenticators: true}
Session ID: f04b6312ea5efb477938a538a508d851
*** Element info: {Using=css selector, value=#swal2-content}]]>
            </message>
            <full-stacktrace>
              <![CDATA[org.openqa.selenium.NoSuchElementException: no such element: Unable to locate element: {"method":"css selector","selector":"#swal2-content"}
  (Session info: chrome=83.0.4103.61)
For documentation on this error, please visit: https://www.seleniumhq.org/exceptions/no_such_element.html
Build info: version: '3.141.59', revision: 'e82be7d358', time: '2018-11-14T08:17:03'
System info: host: 'LAPTOP-NEBFM83G', ip: '192.168.20.7', os.name: 'Windows 10', os.arch: 'amd64', os.version: '10.0', java.version: '1.8.0_221'
Driver info: org.openqa.selenium.chrome.ChromeDriver
Capabilities {acceptInsecureCerts: false, browserName: chrome, browserVersion: 83.0.4103.61, chrome: {chromedriverVersion: 83.0.4103.39 (ccbf011cb2d2b..., userDataDir: C:\Users\reshm\AppData\Loca...}, goog:chromeOptions: {debuggerAddress: localhost:62558}, javascriptEnabled: true, networkConnectionEnabled: false, pageLoadStrategy: normal, platform: WINDOWS, platformName: WINDOWS, proxy: Proxy(), setWindowRect: true, strictFileInteractability: false, timeouts: {implicit: 0, pageLoad: 300000, script: 30000}, unhandledPromptBehavior: dismiss and notify, webauthn:virtualAuthenticators: true}
Session ID: f04b6312ea5efb477938a538a508d851
*** Element info: {Using=css selector, value=#swal2-content}
at sun.reflect.NativeConstructorAccessorImpl.newInstance0(Native Method)
at sun.reflect.NativeConstructorAccessorImpl.newInstance(NativeConstructorAccessorImpl.java:62)
at sun.reflect.DelegatingConstructorAccessorImpl.newInstance(DelegatingConstructorAccessorImpl.java:45)
at java.lang.reflect.Constructor.newInstance(Constructor.java:423)
at org.openqa.selenium.remote.http.W3CHttpResponseCodec.createException(W3CHttpResponseCodec.java:187)
at org.openqa.selenium.remote.http.W3CHttpResponseCodec.decode(W3CHttpResponseCodec.java:122)
at org.openqa.selenium.remote.http.W3CHttpResponseCodec.decode(W3CHttpResponseCodec.java:49)
at org.openqa.selenium.remote.HttpCommandExecutor.execute(HttpCommandExecutor.java:158)
at org.openqa.selenium.remote.service.DriverCommandExecutor.execute(DriverCommandExecutor.java:83)
at org.openqa.selenium.remote.RemoteWebDriver.execute(RemoteWebDriver.java:552)
at org.openqa.selenium.remote.RemoteWebDriver.findElement(RemoteWebDriver.java:323)
at org.openqa.selenium.remote.RemoteWebDriver.findElementByCssSelector(RemoteWebDriver.java:420)
at org.openqa.selenium.By$ByCssSelector.findElement(By.java:431)
at org.openqa.selenium.remote.RemoteWebDriver.findElement(RemoteWebDriver.java:315)
at com.techexpozed.testcases.Passwordmismatch.passwordmismatch(Passwordmismatch.java:54)
at sun.reflect.NativeMethodAccessorImpl.invoke0(Native Method)
at sun.reflect.NativeMethodAccessorImpl.invoke(NativeMethodAccessorImpl.java:62)
at sun.reflect.DelegatingMethodAccessorImpl.invoke(DelegatingMethodAccessorImpl.java:43)
at java.lang.reflect.Method.invoke(Method.java:498)
at org.testng.internal.MethodInvocationHelper.invokeMethod(MethodInvocationHelper.java:133)
at org.testng.internal.TestInvoker.invokeMethod(TestInvoker.java:584)
at org.testng.internal.TestInvoker.invokeTestMethod(TestInvoker.java:172)
at org.testng.internal.MethodRunner.runInSequence(MethodRunner.java:46)
at org.testng.internal.TestInvoker$MethodInvocationAgent.invoke(TestInvoker.java:804)
at org.testng.internal.TestInvoker.invokeTestMethods(TestInvoker.java:145)
at org.testng.internal.TestMethodWorker.invokeTestMethods(TestMethodWorker.java:146)
at org.testng.internal.TestMethodWorker.run(TestMethodWorker.java:128)
at java.util.ArrayList.forEach(ArrayList.java:1257)
at org.testng.TestRunner.privateRun(TestRunner.java:770)
at org.testng.TestRunner.run(TestRunner.java:591)
at org.testng.SuiteRunner.runTest(SuiteRunner.java:402)
at org.testng.SuiteRunner.runSequentially(SuiteRunner.java:396)
at org.testng.SuiteRunner.privateRun(SuiteRunner.java:355)
at org.testng.SuiteRunner.run(SuiteRunner.java:304)
at org.testng.SuiteRunnerWorker.runSuite(SuiteRunnerWorker.java:53)
at org.testng.SuiteRunnerWorker.run(SuiteRunnerWorker.java:96)
at org.testng.TestNG.runSuitesSequentially(TestNG.java:1180)
at org.testng.TestNG.runSuitesLocally(TestNG.java:1102)
at org.testng.TestNG.runSuites(TestNG.java:1032)
at org.testng.TestNG.run(TestNG.java:1000)
at org.testng.remote.AbstractRemoteTestNG.run(AbstractRemoteTestNG.java:115)
at org.testng.remote.RemoteTestNG.initAndRun(RemoteTestNG.java:251)
at org.testng.remote.RemoteTestNG.main(RemoteTestNG.java:77)
]]>
            </full-stacktrace>
          </exception> <!-- org.openqa.selenium.NoSuchElementException -->
          <reporter-output>
          </reporter-output>
        </test-method> <!-- passwordmismatch -->
        <test-method status="PASS" signature="tearDown()[pri:0, instance:com.techexpozed.testcases.Passwordmismatch@4d5650ae]" name="tearDown" is-config="true" duration-ms="684" started-at="2020-05-28T12:21:33 NZST" finished-at="2020-05-28T12:21:33 NZST">
          <reporter-output>
          </reporter-output>
        </test-method> <!-- tearDown -->
      </class> <!-- com.techexpozed.testcases.Passwordmismatch -->
    </test> <!-- Test3 -->
  </suite> <!-- Suite -->
</testng-results>
